-------------------------------------------------------------------------------
Test set: OrderCreationTest
-------------------------------------------------------------------------------
Tests run: 5, Failures: 1, Errors: 0, Skipped: 0, Time elapsed: 4.398 s <<< FAILURE! - in OrderCreationTest
orderCreation[2](OrderCreationTest)  Time elapsed: 0.871 s  <<< FAILURE!
java.lang.AssertionError: 
1 expectation failed.
Expected status code <200> but was <409>.

	at OrderCreationTest.end(OrderCreationTest.java:54)

