<?xml version="1.0" encoding="UTF-8"?>
<testsuite xmlns:xsi="http://www.w3.org/2001/XMLSchema-instance" xsi:noNamespaceSchemaLocation="https://maven.apache.org/surefire/maven-surefire-plugin/xsd/surefire-test-report.xsd" name="CreatingACourierTest" time="9.202" tests="4" errors="0" skipped="0" failures="0">
  <properties>
[...]
</properties>
  <testcase name="checkPostCreatingCourier[0]" classname="CreatingACourierTest" time="5.375"/>
  <testcase name="checkPostCreatingIdenticalCouriers[0]" classname="CreatingACourierTest" time="1.013"/>
  <testcase name="checkPostCreatingCourier[1]" classname="CreatingACourierTest" time="0.882"/>
  <testcase name="checkPostCreatingIdenticalCouriers[1]" classname="CreatingACourierTest" time="1.083"/>
</testsuite>